# JRE version: OpenJDK Runtime Environment Temurin-21.0.9+10 (21.0.9+10) (build 21.0.9+10-LTS)
# Java VM: OpenJDK 64-Bit Server VM Temurin-21.0.9+10 (21.0.9+10-LTS, mixed mode, sharing, tiered, compressed oops, compressed class ptrs, parallel gc, windows-amd64)
GC Precious Log:
 CardTable entry size: 512
 CPUs: 16 total, 16 available
 Memory: 16051M
 Large Page Support: Disabled
 NUMA Support: Disabled
 Compressed Oops: Enabled (32-bit)
 Alignments: Space 512K, Generation 512K, Heap 2M
 Heap Min Capacity: 100M
 Heap Initial Capacity: 100M
 Heap Max Capacity: 2G
 Pre-touch: Disabled
 Parallel Workers: 13
Heap:
 PSYoungGen      total 4608K, used 4096K [0x00000000d5580000, 0x00000000d5c00000, 0x0000000100000000)
  eden space 3584K, 100% used [0x00000000d5580000,0x00000000d5900000,0x00000000d5900000)
  from space 1024K, 50% used [0x00000000d5900000,0x00000000d5980000,0x00000000d5a00000)
  to   space 1024K, 0% used [0x00000000d5b00000,0x00000000d5b00000,0x00000000d5c00000)
 ParOldGen       total 678400K, used 678072K [0x0000000080000000, 0x00000000a9680000, 0x00000000d5580000)
  object space 678400K, 99% used [0x0000000080000000,0x00000000a962e040,0x00000000a9680000)
 Metaspace       used 87775K, committed 89600K, reserved 1179648K
  class space    used 9523K, committed 10304K, reserved 1048576K
GC Heap History (20 events):
Event: 1114.285 GC heap before
{Heap before GC invocations=994 (full 5):
 PSYoungGen      total 5632K, used 4850K [0x00000000d5580000, 0x00000000d5d80000, 0x0000000100000000)
  eden space 3072K, 100% used [0x00000000d5580000,0x00000000d5880000,0x00000000d5880000)
  from space 2560K, 69% used [0x00000000d5880000,0x00000000d5a3cb78,0x00000000d5b00000)
  to   space 2048K, 0% used [0x00000000d5b80000,0x00000000d5b80000,0x00000000d5d80000)
 ParOldGen       total 641024K, used 640732K [0x0000000080000000, 0x00000000a7200000, 0x00000000d5580000)
  object space 641024K, 99% used [0x0000000080000000,0x00000000a71b7368,0x00000000a7200000)
 Metaspace       used 87756K, committed 89600K, reserved 1179648K
  class space    used 9523K, committed 10304K, reserved 1048576K
}
Event: 1114.287 GC heap after
{Heap after GC invocations=994 (full 5):
 PSYoungGen      total 2560K, used 2033K [0x00000000d5580000, 0x00000000d6480000, 0x0000000100000000)
  eden space 512K, 0% used [0x00000000d5580000,0x00000000d5580000,0x00000000d5600000)
  from space 2048K, 99% used [0x00000000d5b80000,0x00000000d5d7c6f0,0x00000000d5d80000)
  to   space 5632K, 0% used [0x00000000d5600000,0x00000000d5600000,0x00000000d5b80000)
 ParOldGen       total 643584K, used 643413K [0x0000000080000000, 0x00000000a7480000, 0x00000000d5580000)
  object space 643584K, 99% used [0x0000000080000000,0x00000000a74555f0,0x00000000a7480000)
 Metaspace       used 87756K, committed 89600K, reserved 1179648K
  class space    used 9523K, committed 10304K, reserved 1048576K
}
Event: 1114.288 GC heap before
{Heap before GC invocations=995 (full 5):
 PSYoungGen      total 2560K, used 2545K [0x00000000d5580000, 0x00000000d6480000, 0x0000000100000000)
  eden space 512K, 100% used [0x00000000d5580000,0x00000000d5600000,0x00000000d5600000)
  from space 2048K, 99% used [0x00000000d5b80000,0x00000000d5d7c6f0,0x00000000d5d80000)
  to   space 5632K, 0% used [0x00000000d5600000,0x00000000d5600000,0x00000000d5b80000)
 ParOldGen       total 643584K, used 643413K [0x0000000080000000, 0x00000000a7480000, 0x00000000d5580000)
  object space 643584K, 99% used [0x0000000080000000,0x00000000a74555f0,0x00000000a7480000)
 Metaspace       used 87756K, committed 89600K, reserved 1179648K
  class space    used 9523K, committed 10304K, reserved 1048576K
}
Event: 1114.290 GC heap after
{Heap after GC invocations=995 (full 5):
 PSYoungGen      total 1024K, used 480K [0x00000000d5580000, 0x00000000d5c00000, 0x0000000100000000)
  eden space 512K, 0% used [0x00000000d5580000,0x00000000d5580000,0x00000000d5600000)
  from space 512K, 93% used [0x00000000d5600000,0x00000000d5678000,0x00000000d5680000)
  to   space 2048K, 0% used [0x00000000d5a00000,0x00000000d5a00000,0x00000000d5c00000)
 ParOldGen       total 645632K, used 645342K [0x0000000080000000, 0x00000000a7680000, 0x00000000d5580000)
  object space 645632K, 99% used [0x0000000080000000,0x00000000a7637bd0,0x00000000a7680000)
 Metaspace       used 87756K, committed 89600K, reserved 1179648K
  class space    used 9523K, committed 10304K, reserved 1048576K
}
Event: 1114.292 GC heap before
{Heap before GC invocations=996 (full 5):
 PSYoungGen      total 1024K, used 991K [0x00000000d5580000, 0x00000000d5c00000, 0x0000000100000000)
  eden space 512K, 99% used [0x00000000d5580000,0x00000000d55fffe0,0x00000000d5600000)
  from space 512K, 93% used [0x00000000d5600000,0x00000000d5678000,0x00000000d5680000)
  to   space 2048K, 0% used [0x00000000d5a00000,0x00000000d5a00000,0x00000000d5c00000)
 ParOldGen       total 645632K, used 645342K [0x0000000080000000, 0x00000000a7680000, 0x00000000d5580000)
  object space 645632K, 99% used [0x0000000080000000,0x00000000a7637bd0,0x00000000a7680000)
 Metaspace       used 87756K, committed 89600K, reserved 1179648K
  class space    used 9523K, committed 10304K, reserved 1048576K
}
Event: 1114.293 GC heap after
{Heap after GC invocations=996 (full 5):
 PSYoungGen      total 1536K, used 416K [0x00000000d5580000, 0x00000000d5a80000, 0x0000000100000000)
  eden space 1024K, 0% used [0x00000000d5580000,0x00000000d5580000,0x00000000d5680000)
  from space 512K, 81% used [0x00000000d5a00000,0x00000000d5a68000,0x00000000d5a80000)
  to   space 1024K, 0% used [0x00000000d5880000,0x00000000d5880000,0x00000000d5980000)
 ParOldGen       total 646144K, used 645638K [0x0000000080000000, 0x00000000a7700000, 0x00000000d5580000)
  object space 646144K, 99% used [0x0000000080000000,0x00000000a7681bd0,0x00000000a7700000)
 Metaspace       used 87756K, committed 89600K, reserved 1179648K
  class space    used 9523K, committed 10304K, reserved 1048576K
}
Event: 1114.302 GC heap before
{Heap before GC invocations=997 (full 5):
 PSYoungGen      total 1536K, used 1440K [0x00000000d5580000, 0x00000000d5a80000, 0x0000000100000000)
  eden space 1024K, 100% used [0x00000000d5580000,0x00000000d5680000,0x00000000d5680000)
  from space 512K, 81% used [0x00000000d5a00000,0x00000000d5a68000,0x00000000d5a80000)
  to   space 1024K, 0% used [0x00000000d5880000,0x00000000d5880000,0x00000000d5980000)
 ParOldGen       total 646144K, used 645638K [0x0000000080000000, 0x00000000a7700000, 0x00000000d5580000)
  object space 646144K, 99% used [0x0000000080000000,0x00000000a7681bd0,0x00000000a7700000)
 Metaspace       used 87758K, committed 89600K, reserved 1179648K
  class space    used 9523K, committed 10304K, reserved 1048576K
}
Event: 1114.304 GC heap after
{Heap after GC invocations=997 (full 5):
 PSYoungGen      total 2560K, used 448K [0x00000000d5580000, 0x00000000d5a80000, 0x0000000100000000)
  eden space 1536K, 0% used [0x00000000d5580000,0x00000000d5580000,0x00000000d5700000)
  from space 1024K, 43% used [0x00000000d5880000,0x00000000d58f0000,0x00000000d5980000)
  to   space 512K, 0% used [0x00000000d5a00000,0x00000000d5a00000,0x00000000d5a80000)
 ParOldGen       total 646144K, used 645782K [0x0000000080000000, 0x00000000a7700000, 0x00000000d5580000)
  object space 646144K, 99% used [0x0000000080000000,0x00000000a76a5bd0,0x00000000a7700000)
 Metaspace       used 87758K, committed 89600K, reserved 1179648K
  class space    used 9523K, committed 10304K, reserved 1048576K
}
Event: 1114.330 GC heap before
{Heap before GC invocations=998 (full 5):
 PSYoungGen      total 2560K, used 1984K [0x00000000d5580000, 0x00000000d5a80000, 0x0000000100000000)
  eden space 1536K, 100% used [0x00000000d5580000,0x00000000d5700000,0x00000000d5700000)
  from space 1024K, 43% used [0x00000000d5880000,0x00000000d58f0000,0x00000000d5980000)
  to   space 512K, 0% used [0x00000000d5a00000,0x00000000d5a00000,0x00000000d5a80000)
 ParOldGen       total 677888K, used 676503K [0x0000000080000000, 0x00000000a9600000, 0x00000000d5580000)
  object space 677888K, 99% used [0x0000000080000000,0x00000000a94a5c00,0x00000000a9600000)
 Metaspace       used 87758K, committed 89600K, reserved 1179648K
  class space    used 9523K, committed 10304K, reserved 1048576K
}
Event: 1114.331 GC heap after
{Heap after GC invocations=998 (full 5):
 PSYoungGen      total 2560K, used 352K [0x00000000d5580000, 0x00000000d5a80000, 0x0000000100000000)
  eden space 2048K, 0% used [0x00000000d5580000,0x00000000d5580000,0x00000000d5780000)
  from space 512K, 68% used [0x00000000d5a00000,0x00000000d5a58000,0x00000000d5a80000)
  to   space 512K, 0% used [0x00000000d5980000,0x00000000d5980000,0x00000000d5a00000)
 ParOldGen       total 677888K, used 676659K [0x0000000080000000, 0x00000000a9600000, 0x00000000d5580000)
  object space 677888K, 99% used [0x0000000080000000,0x00000000a94ccc10,0x00000000a9600000)
 Metaspace       used 87758K, committed 89600K, reserved 1179648K
  class space    used 9523K, committed 10304K, reserved 1048576K
}
Event: 1115.661 GC heap before
{Heap before GC invocations=999 (full 5):
 PSYoungGen      total 2560K, used 2400K [0x00000000d5580000, 0x00000000d5a80000, 0x0000000100000000)
  eden space 2048K, 100% used [0x00000000d5580000,0x00000000d5780000,0x00000000d5780000)
  from space 512K, 68% used [0x00000000d5a00000,0x00000000d5a58000,0x00000000d5a80000)
  to   space 512K, 0% used [0x00000000d5980000,0x00000000d5980000,0x00000000d5a00000)
 ParOldGen       total 677888K, used 676659K [0x0000000080000000, 0x00000000a9600000, 0x00000000d5580000)
  object space 677888K, 99% used [0x0000000080000000,0x00000000a94ccc10,0x00000000a9600000)
 Metaspace       used 87760K, committed 89600K, reserved 1179648K
  class space    used 9523K, committed 10304K, reserved 1048576K
}
Event: 1115.664 GC heap after
{Heap after GC invocations=999 (full 5):
 PSYoungGen      total 2560K, used 378K [0x00000000d5580000, 0x00000000d5a80000, 0x0000000100000000)
  eden space 2048K, 0% used [0x00000000d5580000,0x00000000d5580000,0x00000000d5780000)
  from space 512K, 73% used [0x00000000d5980000,0x00000000d59de900,0x00000000d5a00000)
  to   space 512K, 0% used [0x00000000d5a00000,0x00000000d5a00000,0x00000000d5a80000)
 ParOldGen       total 677888K, used 676707K [0x0000000080000000, 0x00000000a9600000, 0x00000000d5580000)
  object space 677888K, 99% used [0x0000000080000000,0x00000000a94d8c10,0x00000000a9600000)
 Metaspace       used 87760K, committed 89600K, reserved 1179648K
  class space    used 9523K, committed 10304K, reserved 1048576K
}
Event: 1115.668 GC heap before
{Heap before GC invocations=1000 (full 5):
 PSYoungGen      total 2560K, used 2426K [0x00000000d5580000, 0x00000000d5a80000, 0x0000000100000000)
  eden space 2048K, 100% used [0x00000000d5580000,0x00000000d5780000,0x00000000d5780000)
  from space 512K, 73% used [0x00000000d5980000,0x00000000d59de900,0x00000000d5a00000)
  to   space 512K, 0% used [0x00000000d5a00000,0x00000000d5a00000,0x00000000d5a80000)
 ParOldGen       total 677888K, used 676707K [0x0000000080000000, 0x00000000a9600000, 0x00000000d5580000)
  object space 677888K, 99% used [0x0000000080000000,0x00000000a94d8c10,0x00000000a9600000)
 Metaspace       used 87760K, committed 89600K, reserved 1179648K
  class space    used 9523K, committed 10304K, reserved 1048576K
}
Event: 1115.673 GC heap after
{Heap after GC invocations=1000 (full 5):
 PSYoungGen      total 3072K, used 464K [0x00000000d5580000, 0x00000000d5a80000, 0x0000000100000000)
  eden space 2560K, 0% used [0x00000000d5580000,0x00000000d5580000,0x00000000d5800000)
  from space 512K, 90% used [0x00000000d5a00000,0x00000000d5a74010,0x00000000d5a80000)
  to   space 512K, 0% used [0x00000000d5980000,0x00000000d5980000,0x00000000d5a00000)
 ParOldGen       total 677888K, used 676855K [0x0000000080000000, 0x00000000a9600000, 0x00000000d5580000)
  object space 677888K, 99% used [0x0000000080000000,0x00000000a94fde10,0x00000000a9600000)
 Metaspace       used 87760K, committed 89600K, reserved 1179648K
  class space    used 9523K, committed 10304K, reserved 1048576K
}
Event: 1115.683 GC heap before
{Heap before GC invocations=1001 (full 5):
 PSYoungGen      total 3072K, used 3024K [0x00000000d5580000, 0x00000000d5a80000, 0x0000000100000000)
  eden space 2560K, 100% used [0x00000000d5580000,0x00000000d5800000,0x00000000d5800000)
  from space 512K, 90% used [0x00000000d5a00000,0x00000000d5a74010,0x00000000d5a80000)
  to   space 512K, 0% used [0x00000000d5980000,0x00000000d5980000,0x00000000d5a00000)
 ParOldGen       total 677888K, used 676855K [0x0000000080000000, 0x00000000a9600000, 0x00000000d5580000)
  object space 677888K, 99% used [0x0000000080000000,0x00000000a94fde10,0x00000000a9600000)
 Metaspace       used 87760K, committed 89600K, reserved 1179648K
  class space    used 9523K, committed 10304K, reserved 1048576K
}
Event: 1115.686 GC heap after
{Heap after GC invocations=1001 (full 5):
 PSYoungGen      total 3584K, used 416K [0x00000000d5580000, 0x00000000d5a80000, 0x0000000100000000)
  eden space 3072K, 0% used [0x00000000d5580000,0x00000000d5580000,0x00000000d5880000)
  from space 512K, 81% used [0x00000000d5980000,0x00000000d59e8000,0x00000000d5a00000)
  to   space 512K, 0% used [0x00000000d5a00000,0x00000000d5a00000,0x00000000d5a80000)
 ParOldGen       total 677888K, used 677263K [0x0000000080000000, 0x00000000a9600000, 0x00000000d5580000)
  object space 677888K, 99% used [0x0000000080000000,0x00000000a9563e20,0x00000000a9600000)
 Metaspace       used 87760K, committed 89600K, reserved 1179648K
  class space    used 9523K, committed 10304K, reserved 1048576K
}
Event: 1115.771 GC heap before
{Heap before GC invocations=1002 (full 5):
 PSYoungGen      total 3584K, used 3488K [0x00000000d5580000, 0x00000000d5a80000, 0x0000000100000000)
  eden space 3072K, 100% used [0x00000000d5580000,0x00000000d5880000,0x00000000d5880000)
  from space 512K, 81% used [0x00000000d5980000,0x00000000d59e8000,0x00000000d5a00000)
  to   space 512K, 0% used [0x00000000d5a00000,0x00000000d5a00000,0x00000000d5a80000)
 ParOldGen       total 677888K, used 677263K [0x0000000080000000, 0x00000000a9600000, 0x00000000d5580000)
  object space 677888K, 99% used [0x0000000080000000,0x00000000a9563e20,0x00000000a9600000)
 Metaspace       used 87761K, committed 89600K, reserved 1179648K
  class space    used 9523K, committed 10304K, reserved 1048576K
}
Event: 1115.773 GC heap after
{Heap after GC invocations=1002 (full 5):
 PSYoungGen      total 4096K, used 506K [0x00000000d5580000, 0x00000000d5b80000, 0x0000000100000000)
  eden space 3584K, 0% used [0x00000000d5580000,0x00000000d5580000,0x00000000d5900000)
  from space 512K, 98% used [0x00000000d5a00000,0x00000000d5a7e900,0x00000000d5a80000)
  to   space 1024K, 0% used [0x00000000d5900000,0x00000000d5900000,0x00000000d5a00000)
 ParOldGen       total 677888K, used 677593K [0x0000000080000000, 0x00000000a9600000, 0x00000000d5580000)
  object space 677888K, 99% used [0x0000000080000000,0x00000000a95b6730,0x00000000a9600000)
 Metaspace       used 87761K, committed 89600K, reserved 1179648K
  class space    used 9523K, committed 10304K, reserved 1048576K
}
Event: 1115.779 GC heap before
{Heap before GC invocations=1003 (full 5):
 PSYoungGen      total 4096K, used 4090K [0x00000000d5580000, 0x00000000d5b80000, 0x0000000100000000)
  eden space 3584K, 100% used [0x00000000d5580000,0x00000000d5900000,0x00000000d5900000)
  from space 512K, 98% used [0x00000000d5a00000,0x00000000d5a7e900,0x00000000d5a80000)
  to   space 1024K, 0% used [0x00000000d5900000,0x00000000d5900000,0x00000000d5a00000)
 ParOldGen       total 677888K, used 677593K [0x0000000080000000, 0x00000000a9600000, 0x00000000d5580000)
  object space 677888K, 99% used [0x0000000080000000,0x00000000a95b6730,0x00000000a9600000)
 Metaspace       used 87764K, committed 89600K, reserved 1179648K
  class space    used 9523K, committed 10304K, reserved 1048576K
}
Event: 1115.781 GC heap after
{Heap after GC invocations=1003 (full 5):
 PSYoungGen      total 4608K, used 512K [0x00000000d5580000, 0x00000000d5c00000, 0x0000000100000000)
  eden space 3584K, 0% used [0x00000000d5580000,0x00000000d5580000,0x00000000d5900000)
  from space 1024K, 50% used [0x00000000d5900000,0x00000000d5980000,0x00000000d5a00000)
  to   space 1024K, 0% used [0x00000000d5b00000,0x00000000d5b00000,0x00000000d5c00000)
 ParOldGen       total 678400K, used 678072K [0x0000000080000000, 0x00000000a9680000, 0x00000000d5580000)
  object space 678400K, 99% used [0x0000000080000000,0x00000000a962e040,0x00000000a9680000)
 Metaspace       used 87764K, committed 89600K, reserved 1179648K
  class space    used 9523K, committed 10304K, reserved 1048576K
}

