# JRE version: Java(TM) SE Runtime Environment (17.0.18+8) (build 17.0.18+8-LTS-264)
# Java VM: Java HotSpot(TM) 64-Bit Server VM (17.0.18+8-LTS-264, mixed mode, sharing, tiered, compressed oops, compressed class ptrs, g1 gc, windows-amd64)
GC Precious Log:
 CPUs: 16 total, 16 available
 Memory: 16051M
 Large Page Support: Disabled
 NUMA Support: Disabled
 Compressed Oops: Enabled (32-bit)
 Heap Region Size: 1M
 Heap Min Capacity: 8M
 Heap Initial Capacity: 252M
 Heap Max Capacity: 2G
 Pre-touch: Disabled
 Parallel Workers: 13
 Concurrent Workers: 3
 Concurrent Refinement Workers: 13
 Periodic GC: Disabled
Heap:
 garbage-first heap   total 164864K, used 86420K [0x0000000080000000, 0x0000000100000000)
  region size 1024K, 21 young (21504K), 5 survivors (5120K)
 Metaspace       used 70675K, committed 71424K, reserved 491520K
  class space    used 10061K, committed 10432K, reserved 425984K
GC Heap History (20 events):
Event: 7.950 GC heap before
{Heap before GC invocations=22 (full 0):
 garbage-first heap   total 103424K, used 82651K [0x0000000080000000, 0x0000000100000000)
  region size 1024K, 26 young (26624K), 1 survivors (1024K)
 Metaspace       used 56665K, committed 57344K, reserved 491520K
  class space    used 8052K, committed 8384K, reserved 425984K
}
Event: 7.951 GC heap after
{Heap after GC invocations=23 (full 0):
 garbage-first heap   total 103424K, used 58411K [0x0000000080000000, 0x0000000100000000)
  region size 1024K, 1 young (1024K), 1 survivors (1024K)
 Metaspace       used 56665K, committed 57344K, reserved 491520K
  class space    used 8052K, committed 8384K, reserved 425984K
}
Event: 8.357 GC heap before
{Heap before GC invocations=24 (full 0):
 garbage-first heap   total 104448K, used 85035K [0x0000000080000000, 0x0000000100000000)
  region size 1024K, 27 young (27648K), 1 survivors (1024K)
 Metaspace       used 59576K, committed 60288K, reserved 491520K
  class space    used 8442K, committed 8768K, reserved 425984K
}
Event: 8.359 GC heap after
{Heap after GC invocations=25 (full 0):
 garbage-first heap   total 104448K, used 59385K [0x0000000080000000, 0x0000000100000000)
  region size 1024K, 2 young (2048K), 2 survivors (2048K)
 Metaspace       used 59576K, committed 60288K, reserved 491520K
  class space    used 8442K, committed 8768K, reserved 425984K
}
Event: 8.400 GC heap before
{Heap before GC invocations=25 (full 0):
 garbage-first heap   total 104448K, used 62457K [0x0000000080000000, 0x0000000100000000)
  region size 1024K, 5 young (5120K), 2 survivors (2048K)
 Metaspace       used 59773K, committed 60480K, reserved 491520K
  class space    used 8474K, committed 8832K, reserved 425984K
}
Event: 8.402 GC heap after
{Heap after GC invocations=26 (full 0):
 garbage-first heap   total 104448K, used 59216K [0x0000000080000000, 0x0000000100000000)
  region size 1024K, 1 young (1024K), 1 survivors (1024K)
 Metaspace       used 59773K, committed 60480K, reserved 491520K
  class space    used 8474K, committed 8832K, reserved 425984K
}
Event: 8.735 GC heap before
{Heap before GC invocations=26 (full 0):
 garbage-first heap   total 104448K, used 86864K [0x0000000080000000, 0x0000000100000000)
  region size 1024K, 28 young (28672K), 1 survivors (1024K)
 Metaspace       used 61732K, committed 62464K, reserved 491520K
  class space    used 8716K, committed 9088K, reserved 425984K
}
Event: 8.737 GC heap after
{Heap after GC invocations=27 (full 0):
 garbage-first heap   total 104448K, used 60302K [0x0000000080000000, 0x0000000100000000)
  region size 1024K, 2 young (2048K), 2 survivors (2048K)
 Metaspace       used 61732K, committed 62464K, reserved 491520K
  class space    used 8716K, committed 9088K, reserved 425984K
}
Event: 12.514 GC heap before
{Heap before GC invocations=28 (full 0):
 garbage-first heap   total 106496K, used 88974K [0x0000000080000000, 0x0000000100000000)
  region size 1024K, 28 young (28672K), 2 survivors (2048K)
 Metaspace       used 63360K, committed 64064K, reserved 491520K
  class space    used 8955K, committed 9280K, reserved 425984K
}
Event: 12.517 GC heap after
{Heap after GC invocations=29 (full 0):
 garbage-first heap   total 106496K, used 64470K [0x0000000080000000, 0x0000000100000000)
  region size 1024K, 3 young (3072K), 3 survivors (3072K)
 Metaspace       used 63360K, committed 64064K, reserved 491520K
  class space    used 8955K, committed 9280K, reserved 425984K
}
Event: 12.546 GC heap before
{Heap before GC invocations=29 (full 0):
 garbage-first heap   total 106496K, used 65494K [0x0000000080000000, 0x0000000100000000)
  region size 1024K, 5 young (5120K), 3 survivors (3072K)
 Metaspace       used 63483K, committed 64256K, reserved 491520K
  class space    used 8978K, committed 9344K, reserved 425984K
}
Event: 12.548 GC heap after
{Heap after GC invocations=30 (full 0):
 garbage-first heap   total 106496K, used 64253K [0x0000000080000000, 0x0000000100000000)
  region size 1024K, 1 young (1024K), 1 survivors (1024K)
 Metaspace       used 63483K, committed 64256K, reserved 491520K
  class space    used 8978K, committed 9344K, reserved 425984K
}
Event: 12.852 GC heap before
{Heap before GC invocations=30 (full 0):
 garbage-first heap   total 106496K, used 87805K [0x0000000080000000, 0x0000000100000000)
  region size 1024K, 25 young (25600K), 1 survivors (1024K)
 Metaspace       used 65112K, committed 65856K, reserved 491520K
  class space    used 9221K, committed 9600K, reserved 425984K
}
Event: 12.854 GC heap after
{Heap after GC invocations=31 (full 0):
 garbage-first heap   total 106496K, used 65111K [0x0000000080000000, 0x0000000100000000)
  region size 1024K, 2 young (2048K), 2 survivors (2048K)
 Metaspace       used 65112K, committed 65856K, reserved 491520K
  class space    used 9221K, committed 9600K, reserved 425984K
}
Event: 13.178 GC heap before
{Heap before GC invocations=32 (full 0):
 garbage-first heap   total 114688K, used 87639K [0x0000000080000000, 0x0000000100000000)
  region size 1024K, 25 young (25600K), 2 survivors (2048K)
 Metaspace       used 66096K, committed 66816K, reserved 491520K
  class space    used 9348K, committed 9728K, reserved 425984K
}
Event: 13.181 GC heap after
{Heap after GC invocations=33 (full 0):
 garbage-first heap   total 164864K, used 68098K [0x0000000080000000, 0x0000000100000000)
  region size 1024K, 4 young (4096K), 4 survivors (4096K)
 Metaspace       used 66096K, committed 66816K, reserved 491520K
  class space    used 9348K, committed 9728K, reserved 425984K
}
Event: 13.238 GC heap before
{Heap before GC invocations=33 (full 0):
 garbage-first heap   total 164864K, used 71170K [0x0000000080000000, 0x0000000100000000)
  region size 1024K, 8 young (8192K), 4 survivors (4096K)
 Metaspace       used 66422K, committed 67136K, reserved 491520K
  class space    used 9394K, committed 9728K, reserved 425984K
}
Event: 13.240 GC heap after
{Heap after GC invocations=34 (full 0):
 garbage-first heap   total 164864K, used 67989K [0x0000000080000000, 0x0000000100000000)
  region size 1024K, 1 young (1024K), 1 survivors (1024K)
 Metaspace       used 66422K, committed 67136K, reserved 491520K
  class space    used 9394K, committed 9728K, reserved 425984K
}
Event: 14.113 GC heap before
{Heap before GC invocations=34 (full 0):
 garbage-first heap   total 164864K, used 125333K [0x0000000080000000, 0x0000000100000000)
  region size 1024K, 57 young (58368K), 1 survivors (1024K)
 Metaspace       used 70405K, committed 71168K, reserved 491520K
  class space    used 10048K, committed 10368K, reserved 425984K
}
Event: 14.117 GC heap after
{Heap after GC invocations=35 (full 0):
 garbage-first heap   total 164864K, used 72084K [0x0000000080000000, 0x0000000100000000)
  region size 1024K, 5 young (5120K), 5 survivors (5120K)
 Metaspace       used 70405K, committed 71168K, reserved 491520K
  class space    used 10048K, committed 10368K, reserved 425984K
}

