# JRE version: OpenJDK Runtime Environment Temurin-21.0.9+10 (21.0.9+10) (build 21.0.9+10-LTS)
# Java VM: OpenJDK 64-Bit Server VM Temurin-21.0.9+10 (21.0.9+10-LTS, mixed mode, sharing, tiered, compressed oops, compressed class ptrs, parallel gc, windows-amd64)
GC Precious Log:
 CardTable entry size: 512
 CPUs: 16 total, 16 available
 Memory: 16051M
 Large Page Support: Disabled
 NUMA Support: Disabled
 Compressed Oops: Enabled (32-bit)
 Alignments: Space 512K, Generation 512K, Heap 2M
 Heap Min Capacity: 100M
 Heap Initial Capacity: 100M
 Heap Max Capacity: 2G
 Pre-touch: Disabled
 Parallel Workers: 13
Heap:
 PSYoungGen      total 7168K, used 5051K [0x00000000d5580000, 0x00000000d6100000, 0x0000000100000000)
  eden space 6144K, 67% used [0x00000000d5580000,0x00000000d598efe0,0x00000000d5b80000)
  from space 1024K, 87% used [0x00000000d5f00000,0x00000000d5fe0000,0x00000000d6000000)
  to   space 1024K, 0% used [0x00000000d6000000,0x00000000d6000000,0x00000000d6100000)
 ParOldGen       total 531968K, used 139097K [0x0000000080000000, 0x00000000a0780000, 0x00000000d5580000)
  object space 531968K, 26% used [0x0000000080000000,0x00000000887d6488,0x00000000a0780000)
 Metaspace       used 89671K, committed 91584K, reserved 1179648K
  class space    used 10097K, committed 10944K, reserved 1048576K
GC Heap History (20 events):
Event: 29.800 GC heap before
{Heap before GC invocations=404 (full 4):
 PSYoungGen      total 7168K, used 7144K [0x00000000d5580000, 0x00000000d6480000, 0x0000000100000000)
  eden space 6144K, 100% used [0x00000000d5580000,0x00000000d5b80000,0x00000000d5b80000)
  from space 1024K, 97% used [0x00000000d5f00000,0x00000000d5ffa148,0x00000000d6000000)
  to   space 4608K, 0% used [0x00000000d6000000,0x00000000d6000000,0x00000000d6480000)
 ParOldGen       total 531968K, used 128884K [0x0000000080000000, 0x00000000a0780000, 0x00000000d5580000)
  object space 531968K, 24% used [0x0000000080000000,0x0000000087ddd300,0x00000000a0780000)
 Metaspace       used 86081K, committed 87872K, reserved 1179648K
  class space    used 9655K, committed 10496K, reserved 1048576K
}
Event: 29.803 GC heap after
{Heap after GC invocations=404 (full 4):
 PSYoungGen      total 7168K, used 532K [0x00000000d5580000, 0x00000000d6100000, 0x0000000100000000)
  eden space 6144K, 0% used [0x00000000d5580000,0x00000000d5580000,0x00000000d5b80000)
  from space 1024K, 52% used [0x00000000d6000000,0x00000000d6085200,0x00000000d6100000)
  to   space 2048K, 0% used [0x00000000d5d00000,0x00000000d5d00000,0x00000000d5f00000)
 ParOldGen       total 531968K, used 129004K [0x0000000080000000, 0x00000000a0780000, 0x00000000d5580000)
  object space 531968K, 24% used [0x0000000080000000,0x0000000087dfb300,0x00000000a0780000)
 Metaspace       used 86081K, committed 87872K, reserved 1179648K
  class space    used 9655K, committed 10496K, reserved 1048576K
}
Event: 29.816 GC heap before
{Heap before GC invocations=405 (full 4):
 PSYoungGen      total 7168K, used 6676K [0x00000000d5580000, 0x00000000d6100000, 0x0000000100000000)
  eden space 6144K, 100% used [0x00000000d5580000,0x00000000d5b80000,0x00000000d5b80000)
  from space 1024K, 52% used [0x00000000d6000000,0x00000000d6085200,0x00000000d6100000)
  to   space 2048K, 0% used [0x00000000d5d00000,0x00000000d5d00000,0x00000000d5f00000)
 ParOldGen       total 531968K, used 129004K [0x0000000080000000, 0x00000000a0780000, 0x00000000d5580000)
  object space 531968K, 24% used [0x0000000080000000,0x0000000087dfb300,0x00000000a0780000)
 Metaspace       used 86185K, committed 88000K, reserved 1179648K
  class space    used 9665K, committed 10496K, reserved 1048576K
}
Event: 29.818 GC heap after
{Heap after GC invocations=405 (full 4):
 PSYoungGen      total 8192K, used 768K [0x00000000d5580000, 0x00000000d6080000, 0x0000000100000000)
  eden space 6144K, 0% used [0x00000000d5580000,0x00000000d5580000,0x00000000d5b80000)
  from space 2048K, 37% used [0x00000000d5d00000,0x00000000d5dc0000,0x00000000d5f00000)
  to   space 1024K, 0% used [0x00000000d5f80000,0x00000000d5f80000,0x00000000d6080000)
 ParOldGen       total 531968K, used 129369K [0x0000000080000000, 0x00000000a0780000, 0x00000000d5580000)
  object space 531968K, 24% used [0x0000000080000000,0x0000000087e56658,0x00000000a0780000)
 Metaspace       used 86185K, committed 88000K, reserved 1179648K
  class space    used 9665K, committed 10496K, reserved 1048576K
}
Event: 29.830 GC heap before
{Heap before GC invocations=406 (full 4):
 PSYoungGen      total 8192K, used 6455K [0x00000000d5580000, 0x00000000d6080000, 0x0000000100000000)
  eden space 6144K, 92% used [0x00000000d5580000,0x00000000d5b0dc30,0x00000000d5b80000)
  from space 2048K, 37% used [0x00000000d5d00000,0x00000000d5dc0000,0x00000000d5f00000)
  to   space 1024K, 0% used [0x00000000d5f80000,0x00000000d5f80000,0x00000000d6080000)
 ParOldGen       total 531968K, used 129369K [0x0000000080000000, 0x00000000a0780000, 0x00000000d5580000)
  object space 531968K, 24% used [0x0000000080000000,0x0000000087e56658,0x00000000a0780000)
 Metaspace       used 86380K, committed 88128K, reserved 1179648K
  class space    used 9700K, committed 10496K, reserved 1048576K
}
Event: 29.832 GC heap after
{Heap after GC invocations=406 (full 4):
 PSYoungGen      total 7168K, used 1015K [0x00000000d5580000, 0x00000000d6280000, 0x0000000100000000)
  eden space 6144K, 0% used [0x00000000d5580000,0x00000000d5580000,0x00000000d5b80000)
  from space 1024K, 99% used [0x00000000d5f80000,0x00000000d607de48,0x00000000d6080000)
  to   space 3584K, 0% used [0x00000000d5b80000,0x00000000d5b80000,0x00000000d5f00000)
 ParOldGen       total 531968K, used 131201K [0x0000000080000000, 0x00000000a0780000, 0x00000000d5580000)
  object space 531968K, 24% used [0x0000000080000000,0x0000000088020460,0x00000000a0780000)
 Metaspace       used 86380K, committed 88128K, reserved 1179648K
  class space    used 9700K, committed 10496K, reserved 1048576K
}
Event: 29.849 GC heap before
{Heap before GC invocations=407 (full 4):
 PSYoungGen      total 7168K, used 7159K [0x00000000d5580000, 0x00000000d6280000, 0x0000000100000000)
  eden space 6144K, 100% used [0x00000000d5580000,0x00000000d5b80000,0x00000000d5b80000)
  from space 1024K, 99% used [0x00000000d5f80000,0x00000000d607de48,0x00000000d6080000)
  to   space 3584K, 0% used [0x00000000d5b80000,0x00000000d5b80000,0x00000000d5f00000)
 ParOldGen       total 531968K, used 131201K [0x0000000080000000, 0x00000000a0780000, 0x00000000d5580000)
  object space 531968K, 24% used [0x0000000080000000,0x0000000088020460,0x00000000a0780000)
 Metaspace       used 86531K, committed 88320K, reserved 1179648K
  class space    used 9728K, committed 10560K, reserved 1048576K
}
Event: 29.851 GC heap after
{Heap after GC invocations=407 (full 4):
 PSYoungGen      total 9728K, used 3572K [0x00000000d5580000, 0x00000000d6780000, 0x0000000100000000)
  eden space 6144K, 0% used [0x00000000d5580000,0x00000000d5580000,0x00000000d5b80000)
  from space 3584K, 99% used [0x00000000d5b80000,0x00000000d5efd2b8,0x00000000d5f00000)
  to   space 6144K, 0% used [0x00000000d6180000,0x00000000d6180000,0x00000000d6780000)
 ParOldGen       total 531968K, used 132931K [0x0000000080000000, 0x00000000a0780000, 0x00000000d5580000)
  object space 531968K, 24% used [0x0000000080000000,0x00000000881d0f10,0x00000000a0780000)
 Metaspace       used 86531K, committed 88320K, reserved 1179648K
  class space    used 9728K, committed 10560K, reserved 1048576K
}
Event: 29.880 GC heap before
{Heap before GC invocations=408 (full 4):
 PSYoungGen      total 9728K, used 9716K [0x00000000d5580000, 0x00000000d6780000, 0x0000000100000000)
  eden space 6144K, 100% used [0x00000000d5580000,0x00000000d5b80000,0x00000000d5b80000)
  from space 3584K, 99% used [0x00000000d5b80000,0x00000000d5efd2b8,0x00000000d5f00000)
  to   space 6144K, 0% used [0x00000000d6180000,0x00000000d6180000,0x00000000d6780000)
 ParOldGen       total 531968K, used 132931K [0x0000000080000000, 0x00000000a0780000, 0x00000000d5580000)
  object space 531968K, 24% used [0x0000000080000000,0x00000000881d0f10,0x00000000a0780000)
 Metaspace       used 86783K, committed 88576K, reserved 1179648K
  class space    used 9770K, committed 10560K, reserved 1048576K
}
Event: 29.881 GC heap after
{Heap after GC invocations=408 (full 4):
 PSYoungGen      total 7680K, used 1412K [0x00000000d5580000, 0x00000000d6300000, 0x0000000100000000)
  eden space 6144K, 0% used [0x00000000d5580000,0x00000000d5580000,0x00000000d5b80000)
  from space 1536K, 91% used [0x00000000d6180000,0x00000000d62e11f8,0x00000000d6300000)
  to   space 3072K, 0% used [0x00000000d5d00000,0x00000000d5d00000,0x00000000d6000000)
 ParOldGen       total 531968K, used 136525K [0x0000000080000000, 0x00000000a0780000, 0x00000000d5580000)
  object space 531968K, 25% used [0x0000000080000000,0x0000000088553770,0x00000000a0780000)
 Metaspace       used 86783K, committed 88576K, reserved 1179648K
  class space    used 9770K, committed 10560K, reserved 1048576K
}
Event: 29.959 GC heap before
{Heap before GC invocations=409 (full 4):
 PSYoungGen      total 7680K, used 7539K [0x00000000d5580000, 0x00000000d6300000, 0x0000000100000000)
  eden space 6144K, 99% used [0x00000000d5580000,0x00000000d5b7ba18,0x00000000d5b80000)
  from space 1536K, 91% used [0x00000000d6180000,0x00000000d62e11f8,0x00000000d6300000)
  to   space 3072K, 0% used [0x00000000d5d00000,0x00000000d5d00000,0x00000000d6000000)
 ParOldGen       total 531968K, used 136525K [0x0000000080000000, 0x00000000a0780000, 0x00000000d5580000)
  object space 531968K, 25% used [0x0000000080000000,0x0000000088553770,0x00000000a0780000)
 Metaspace       used 87543K, committed 89408K, reserved 1179648K
  class space    used 9844K, committed 10688K, reserved 1048576K
}
Event: 29.961 GC heap after
{Heap after GC invocations=409 (full 4):
 PSYoungGen      total 9216K, used 505K [0x00000000d5580000, 0x00000000d6200000, 0x0000000100000000)
  eden space 6144K, 0% used [0x00000000d5580000,0x00000000d5580000,0x00000000d5b80000)
  from space 3072K, 16% used [0x00000000d5d00000,0x00000000d5d7e5d8,0x00000000d6000000)
  to   space 1536K, 0% used [0x00000000d6080000,0x00000000d6080000,0x00000000d6200000)
 ParOldGen       total 531968K, used 137626K [0x0000000080000000, 0x00000000a0780000, 0x00000000d5580000)
  object space 531968K, 25% used [0x0000000080000000,0x0000000088666b60,0x00000000a0780000)
 Metaspace       used 87543K, committed 89408K, reserved 1179648K
  class space    used 9844K, committed 10688K, reserved 1048576K
}
Event: 30.027 GC heap before
{Heap before GC invocations=410 (full 4):
 PSYoungGen      total 9216K, used 6649K [0x00000000d5580000, 0x00000000d6200000, 0x0000000100000000)
  eden space 6144K, 100% used [0x00000000d5580000,0x00000000d5b80000,0x00000000d5b80000)
  from space 3072K, 16% used [0x00000000d5d00000,0x00000000d5d7e5d8,0x00000000d6000000)
  to   space 1536K, 0% used [0x00000000d6080000,0x00000000d6080000,0x00000000d6200000)
 ParOldGen       total 531968K, used 137626K [0x0000000080000000, 0x00000000a0780000, 0x00000000d5580000)
  object space 531968K, 25% used [0x0000000080000000,0x0000000088666b60,0x00000000a0780000)
 Metaspace       used 88037K, committed 89920K, reserved 1179648K
  class space    used 9909K, committed 10752K, reserved 1048576K
}
Event: 30.028 GC heap after
{Heap after GC invocations=410 (full 4):
 PSYoungGen      total 7168K, used 820K [0x00000000d5580000, 0x00000000d6180000, 0x0000000100000000)
  eden space 6144K, 0% used [0x00000000d5580000,0x00000000d5580000,0x00000000d5b80000)
  from space 1024K, 80% used [0x00000000d6080000,0x00000000d614d200,0x00000000d6180000)
  to   space 1024K, 0% used [0x00000000d5f80000,0x00000000d5f80000,0x00000000d6080000)
 ParOldGen       total 531968K, used 137918K [0x0000000080000000, 0x00000000a0780000, 0x00000000d5580000)
  object space 531968K, 25% used [0x0000000080000000,0x00000000886afb88,0x00000000a0780000)
 Metaspace       used 88037K, committed 89920K, reserved 1179648K
  class space    used 9909K, committed 10752K, reserved 1048576K
}
Event: 30.321 GC heap before
{Heap before GC invocations=411 (full 4):
 PSYoungGen      total 7168K, used 6964K [0x00000000d5580000, 0x00000000d6180000, 0x0000000100000000)
  eden space 6144K, 100% used [0x00000000d5580000,0x00000000d5b80000,0x00000000d5b80000)
  from space 1024K, 80% used [0x00000000d6080000,0x00000000d614d200,0x00000000d6180000)
  to   space 1024K, 0% used [0x00000000d5f80000,0x00000000d5f80000,0x00000000d6080000)
 ParOldGen       total 531968K, used 137918K [0x0000000080000000, 0x00000000a0780000, 0x00000000d5580000)
  object space 531968K, 25% used [0x0000000080000000,0x00000000886afb88,0x00000000a0780000)
 Metaspace       used 88653K, committed 90624K, reserved 1179648K
  class space    used 9981K, committed 10880K, reserved 1048576K
}
Event: 30.323 GC heap after
{Heap after GC invocations=411 (full 4):
 PSYoungGen      total 7168K, used 672K [0x00000000d5580000, 0x00000000d6100000, 0x0000000100000000)
  eden space 6144K, 0% used [0x00000000d5580000,0x00000000d5580000,0x00000000d5b80000)
  from space 1024K, 65% used [0x00000000d5f80000,0x00000000d6028000,0x00000000d6080000)
  to   space 512K, 0% used [0x00000000d6080000,0x00000000d6080000,0x00000000d6100000)
 ParOldGen       total 531968K, used 138537K [0x0000000080000000, 0x00000000a0780000, 0x00000000d5580000)
  object space 531968K, 26% used [0x0000000080000000,0x000000008874a478,0x00000000a0780000)
 Metaspace       used 88653K, committed 90624K, reserved 1179648K
  class space    used 9981K, committed 10880K, reserved 1048576K
}
Event: 30.357 GC heap before
{Heap before GC invocations=412 (full 4):
 PSYoungGen      total 7168K, used 6816K [0x00000000d5580000, 0x00000000d6100000, 0x0000000100000000)
  eden space 6144K, 100% used [0x00000000d5580000,0x00000000d5b80000,0x00000000d5b80000)
  from space 1024K, 65% used [0x00000000d5f80000,0x00000000d6028000,0x00000000d6080000)
  to   space 512K, 0% used [0x00000000d6080000,0x00000000d6080000,0x00000000d6100000)
 ParOldGen       total 531968K, used 138537K [0x0000000080000000, 0x00000000a0780000, 0x00000000d5580000)
  object space 531968K, 26% used [0x0000000080000000,0x000000008874a478,0x00000000a0780000)
 Metaspace       used 89028K, committed 90880K, reserved 1179648K
  class space    used 10032K, committed 10880K, reserved 1048576K
}
Event: 30.359 GC heap after
{Heap after GC invocations=412 (full 4):
 PSYoungGen      total 6656K, used 416K [0x00000000d5580000, 0x00000000d6100000, 0x0000000100000000)
  eden space 6144K, 0% used [0x00000000d5580000,0x00000000d5580000,0x00000000d5b80000)
  from space 512K, 81% used [0x00000000d6080000,0x00000000d60e8000,0x00000000d6100000)
  to   space 1024K, 0% used [0x00000000d5f00000,0x00000000d5f00000,0x00000000d6000000)
 ParOldGen       total 531968K, used 138953K [0x0000000080000000, 0x00000000a0780000, 0x00000000d5580000)
  object space 531968K, 26% used [0x0000000080000000,0x00000000887b2488,0x00000000a0780000)
 Metaspace       used 89028K, committed 90880K, reserved 1179648K
  class space    used 10032K, committed 10880K, reserved 1048576K
}
Event: 32.575 GC heap before
{Heap before GC invocations=413 (full 4):
 PSYoungGen      total 6656K, used 6560K [0x00000000d5580000, 0x00000000d6100000, 0x0000000100000000)
  eden space 6144K, 100% used [0x00000000d5580000,0x00000000d5b80000,0x00000000d5b80000)
  from space 512K, 81% used [0x00000000d6080000,0x00000000d60e8000,0x00000000d6100000)
  to   space 1024K, 0% used [0x00000000d5f00000,0x00000000d5f00000,0x00000000d6000000)
 ParOldGen       total 531968K, used 138953K [0x0000000080000000, 0x00000000a0780000, 0x00000000d5580000)
  object space 531968K, 26% used [0x0000000080000000,0x00000000887b2488,0x00000000a0780000)
 Metaspace       used 89593K, committed 91456K, reserved 1179648K
  class space    used 10094K, committed 10880K, reserved 1048576K
}
Event: 32.578 GC heap after
{Heap after GC invocations=413 (full 4):
 PSYoungGen      total 7168K, used 896K [0x00000000d5580000, 0x00000000d6100000, 0x0000000100000000)
  eden space 6144K, 0% used [0x00000000d5580000,0x00000000d5580000,0x00000000d5b80000)
  from space 1024K, 87% used [0x00000000d5f00000,0x00000000d5fe0000,0x00000000d6000000)
  to   space 1024K, 0% used [0x00000000d6000000,0x00000000d6000000,0x00000000d6100000)
 ParOldGen       total 531968K, used 139097K [0x0000000080000000, 0x00000000a0780000, 0x00000000d5580000)
  object space 531968K, 26% used [0x0000000080000000,0x00000000887d6488,0x00000000a0780000)
 Metaspace       used 89593K, committed 91456K, reserved 1179648K
  class space    used 10094K, committed 10880K, reserved 1048576K
}

