# JRE version: OpenJDK Runtime Environment Temurin-21.0.9+10 (21.0.9+10) (build 21.0.9+10-LTS)
# Java VM: OpenJDK 64-Bit Server VM Temurin-21.0.9+10 (21.0.9+10-LTS, mixed mode, sharing, tiered, compressed oops, compressed class ptrs, parallel gc, windows-amd64)
GC Precious Log:
 CardTable entry size: 512
 CPUs: 16 total, 16 available
 Memory: 16051M
 Large Page Support: Disabled
 NUMA Support: Disabled
 Compressed Oops: Enabled (32-bit)
 Alignments: Space 512K, Generation 512K, Heap 2M
 Heap Min Capacity: 100M
 Heap Initial Capacity: 100M
 Heap Max Capacity: 2G
 Pre-touch: Disabled
 Parallel Workers: 13
Heap:
 PSYoungGen      total 4608K, used 2099K [0x00000000d5580000, 0x00000000d5d80000, 0x0000000100000000)
  eden space 3584K, 39% used [0x00000000d5580000,0x00000000d56e24c0,0x00000000d5900000)
  from space 1024K, 66% used [0x00000000d5a00000,0x00000000d5aaa930,0x00000000d5b00000)
  to   space 1536K, 0% used [0x00000000d5c00000,0x00000000d5c00000,0x00000000d5d80000)
 ParOldGen       total 648704K, used 648426K [0x0000000080000000, 0x00000000a7980000, 0x00000000d5580000)
  object space 648704K, 99% used [0x0000000080000000,0x00000000a793aaf8,0x00000000a7980000)
 Metaspace       used 87474K, committed 89344K, reserved 1179648K
  class space    used 9616K, committed 10432K, reserved 1048576K
GC Heap History (20 events):
Event: 46.703 GC heap before
{Heap before GC invocations=808 (full 4):
 PSYoungGen      total 6144K, used 6122K [0x00000000d5580000, 0x00000000d5e80000, 0x0000000100000000)
  eden space 5120K, 100% used [0x00000000d5580000,0x00000000d5a80000,0x00000000d5a80000)
  from space 1024K, 97% used [0x00000000d5a80000,0x00000000d5b7a800,0x00000000d5b80000)
  to   space 2048K, 0% used [0x00000000d5c80000,0x00000000d5c80000,0x00000000d5e80000)
 ParOldGen       total 635392K, used 634922K [0x0000000080000000, 0x00000000a6c80000, 0x00000000d5580000)
  object space 635392K, 99% used [0x0000000080000000,0x00000000a6c0aa70,0x00000000a6c80000)
 Metaspace       used 87222K, committed 89088K, reserved 1179648K
  class space    used 9578K, committed 10368K, reserved 1048576K
}
Event: 46.705 GC heap after
{Heap after GC invocations=808 (full 4):
 PSYoungGen      total 7168K, used 1600K [0x00000000d5580000, 0x00000000d5e80000, 0x0000000100000000)
  eden space 5120K, 0% used [0x00000000d5580000,0x00000000d5580000,0x00000000d5a80000)
  from space 2048K, 78% used [0x00000000d5c80000,0x00000000d5e10000,0x00000000d5e80000)
  to   space 2048K, 0% used [0x00000000d5a80000,0x00000000d5a80000,0x00000000d5c80000)
 ParOldGen       total 636416K, used 635967K [0x0000000080000000, 0x00000000a6d80000, 0x00000000d5580000)
  object space 636416K, 99% used [0x0000000080000000,0x00000000a6d0fde0,0x00000000a6d80000)
 Metaspace       used 87222K, committed 89088K, reserved 1179648K
  class space    used 9578K, committed 10368K, reserved 1048576K
}
Event: 46.721 GC heap before
{Heap before GC invocations=809 (full 4):
 PSYoungGen      total 7168K, used 6720K [0x00000000d5580000, 0x00000000d5e80000, 0x0000000100000000)
  eden space 5120K, 100% used [0x00000000d5580000,0x00000000d5a80000,0x00000000d5a80000)
  from space 2048K, 78% used [0x00000000d5c80000,0x00000000d5e10000,0x00000000d5e80000)
  to   space 2048K, 0% used [0x00000000d5a80000,0x00000000d5a80000,0x00000000d5c80000)
 ParOldGen       total 636416K, used 635967K [0x0000000080000000, 0x00000000a6d80000, 0x00000000d5580000)
  object space 636416K, 99% used [0x0000000080000000,0x00000000a6d0fde0,0x00000000a6d80000)
 Metaspace       used 87223K, committed 89088K, reserved 1179648K
  class space    used 9578K, committed 10368K, reserved 1048576K
}
Event: 46.723 GC heap after
{Heap after GC invocations=809 (full 4):
 PSYoungGen      total 7168K, used 2016K [0x00000000d5580000, 0x00000000d6280000, 0x0000000100000000)
  eden space 5120K, 0% used [0x00000000d5580000,0x00000000d5580000,0x00000000d5a80000)
  from space 2048K, 98% used [0x00000000d5a80000,0x00000000d5c78010,0x00000000d5c80000)
  to   space 4096K, 0% used [0x00000000d5e80000,0x00000000d5e80000,0x00000000d6280000)
 ParOldGen       total 637440K, used 637342K [0x0000000080000000, 0x00000000a6e80000, 0x00000000d5580000)
  object space 637440K, 99% used [0x0000000080000000,0x00000000a6e67bf0,0x00000000a6e80000)
 Metaspace       used 87223K, committed 89088K, reserved 1179648K
  class space    used 9578K, committed 10368K, reserved 1048576K
}
Event: 46.767 GC heap before
{Heap before GC invocations=810 (full 4):
 PSYoungGen      total 7168K, used 7136K [0x00000000d5580000, 0x00000000d6280000, 0x0000000100000000)
  eden space 5120K, 100% used [0x00000000d5580000,0x00000000d5a80000,0x00000000d5a80000)
  from space 2048K, 98% used [0x00000000d5a80000,0x00000000d5c78010,0x00000000d5c80000)
  to   space 4096K, 0% used [0x00000000d5e80000,0x00000000d5e80000,0x00000000d6280000)
 ParOldGen       total 637440K, used 637342K [0x0000000080000000, 0x00000000a6e80000, 0x00000000d5580000)
  object space 637440K, 99% used [0x0000000080000000,0x00000000a6e67bf0,0x00000000a6e80000)
 Metaspace       used 87229K, committed 89088K, reserved 1179648K
  class space    used 9578K, committed 10368K, reserved 1048576K
}
Event: 46.769 GC heap after
{Heap after GC invocations=810 (full 4):
 PSYoungGen      total 5632K, used 384K [0x00000000d5580000, 0x00000000d5f00000, 0x0000000100000000)
  eden space 5120K, 0% used [0x00000000d5580000,0x00000000d5580000,0x00000000d5a80000)
  from space 512K, 75% used [0x00000000d5e80000,0x00000000d5ee0000,0x00000000d5f00000)
  to   space 1536K, 0% used [0x00000000d5c00000,0x00000000d5c00000,0x00000000d5d80000)
 ParOldGen       total 638464K, used 638168K [0x0000000080000000, 0x00000000a6f80000, 0x00000000d5580000)
  object space 638464K, 99% used [0x0000000080000000,0x00000000a6f36208,0x00000000a6f80000)
 Metaspace       used 87229K, committed 89088K, reserved 1179648K
  class space    used 9578K, committed 10368K, reserved 1048576K
}
Event: 46.854 GC heap before
{Heap before GC invocations=811 (full 4):
 PSYoungGen      total 5632K, used 5504K [0x00000000d5580000, 0x00000000d5f00000, 0x0000000100000000)
  eden space 5120K, 100% used [0x00000000d5580000,0x00000000d5a80000,0x00000000d5a80000)
  from space 512K, 75% used [0x00000000d5e80000,0x00000000d5ee0000,0x00000000d5f00000)
  to   space 1536K, 0% used [0x00000000d5c00000,0x00000000d5c00000,0x00000000d5d80000)
 ParOldGen       total 638464K, used 638168K [0x0000000080000000, 0x00000000a6f80000, 0x00000000d5580000)
  object space 638464K, 99% used [0x0000000080000000,0x00000000a6f36208,0x00000000a6f80000)
 Metaspace       used 87241K, committed 89088K, reserved 1179648K
  class space    used 9578K, committed 10368K, reserved 1048576K
}
Event: 46.855 GC heap after
{Heap after GC invocations=811 (full 4):
 PSYoungGen      total 6656K, used 352K [0x00000000d5580000, 0x00000000d5f00000, 0x0000000100000000)
  eden space 5120K, 0% used [0x00000000d5580000,0x00000000d5580000,0x00000000d5a80000)
  from space 1536K, 22% used [0x00000000d5c00000,0x00000000d5c58020,0x00000000d5d80000)
  to   space 1024K, 0% used [0x00000000d5e00000,0x00000000d5e00000,0x00000000d5f00000)
 ParOldGen       total 638464K, used 638256K [0x0000000080000000, 0x00000000a6f80000, 0x00000000d5580000)
  object space 638464K, 99% used [0x0000000080000000,0x00000000a6f4c208,0x00000000a6f80000)
 Metaspace       used 87241K, committed 89088K, reserved 1179648K
  class space    used 9578K, committed 10368K, reserved 1048576K
}
Event: 46.861 GC heap before
{Heap before GC invocations=812 (full 4):
 PSYoungGen      total 6656K, used 5471K [0x00000000d5580000, 0x00000000d5f00000, 0x0000000100000000)
  eden space 5120K, 99% used [0x00000000d5580000,0x00000000d5a7ffc8,0x00000000d5a80000)
  from space 1536K, 22% used [0x00000000d5c00000,0x00000000d5c58020,0x00000000d5d80000)
  to   space 1024K, 0% used [0x00000000d5e00000,0x00000000d5e00000,0x00000000d5f00000)
 ParOldGen       total 638464K, used 638256K [0x0000000080000000, 0x00000000a6f80000, 0x00000000d5580000)
  object space 638464K, 99% used [0x0000000080000000,0x00000000a6f4c208,0x00000000a6f80000)
 Metaspace       used 87243K, committed 89088K, reserved 1179648K
  class space    used 9578K, committed 10368K, reserved 1048576K
}
Event: 46.863 GC heap after
{Heap after GC invocations=812 (full 4):
 PSYoungGen      total 6144K, used 656K [0x00000000d5580000, 0x00000000d5f00000, 0x0000000100000000)
  eden space 5120K, 0% used [0x00000000d5580000,0x00000000d5580000,0x00000000d5a80000)
  from space 1024K, 64% used [0x00000000d5e00000,0x00000000d5ea4030,0x00000000d5f00000)
  to   space 1024K, 0% used [0x00000000d5d00000,0x00000000d5d00000,0x00000000d5e00000)
 ParOldGen       total 638464K, used 638400K [0x0000000080000000, 0x00000000a6f80000, 0x00000000d5580000)
  object space 638464K, 99% used [0x0000000080000000,0x00000000a6f70228,0x00000000a6f80000)
 Metaspace       used 87243K, committed 89088K, reserved 1179648K
  class space    used 9578K, committed 10368K, reserved 1048576K
}
Event: 46.883 GC heap before
{Heap before GC invocations=813 (full 4):
 PSYoungGen      total 6144K, used 5775K [0x00000000d5580000, 0x00000000d5f00000, 0x0000000100000000)
  eden space 5120K, 99% used [0x00000000d5580000,0x00000000d5a7ffa0,0x00000000d5a80000)
  from space 1024K, 64% used [0x00000000d5e00000,0x00000000d5ea4030,0x00000000d5f00000)
  to   space 1024K, 0% used [0x00000000d5d00000,0x00000000d5d00000,0x00000000d5e00000)
 ParOldGen       total 638464K, used 638400K [0x0000000080000000, 0x00000000a6f80000, 0x00000000d5580000)
  object space 638464K, 99% used [0x0000000080000000,0x00000000a6f70228,0x00000000a6f80000)
 Metaspace       used 87311K, committed 89216K, reserved 1179648K
  class space    used 9594K, committed 10432K, reserved 1048576K
}
Event: 46.885 GC heap after
{Heap after GC invocations=813 (full 4):
 PSYoungGen      total 6144K, used 724K [0x00000000d5580000, 0x00000000d5e80000, 0x0000000100000000)
  eden space 5120K, 0% used [0x00000000d5580000,0x00000000d5580000,0x00000000d5a80000)
  from space 1024K, 70% used [0x00000000d5d00000,0x00000000d5db5220,0x00000000d5e00000)
  to   space 512K, 0% used [0x00000000d5e00000,0x00000000d5e00000,0x00000000d5e80000)
 ParOldGen       total 638976K, used 638917K [0x0000000080000000, 0x00000000a7000000, 0x00000000d5580000)
  object space 638976K, 99% used [0x0000000080000000,0x00000000a6ff1458,0x00000000a7000000)
 Metaspace       used 87311K, committed 89216K, reserved 1179648K
  class space    used 9594K, committed 10432K, reserved 1048576K
}
Event: 46.904 GC heap before
{Heap before GC invocations=814 (full 4):
 PSYoungGen      total 6144K, used 5844K [0x00000000d5580000, 0x00000000d5e80000, 0x0000000100000000)
  eden space 5120K, 100% used [0x00000000d5580000,0x00000000d5a80000,0x00000000d5a80000)
  from space 1024K, 70% used [0x00000000d5d00000,0x00000000d5db5220,0x00000000d5e00000)
  to   space 512K, 0% used [0x00000000d5e00000,0x00000000d5e00000,0x00000000d5e80000)
 ParOldGen       total 638976K, used 638917K [0x0000000080000000, 0x00000000a7000000, 0x00000000d5580000)
  object space 638976K, 99% used [0x0000000080000000,0x00000000a6ff1458,0x00000000a7000000)
 Metaspace       used 87389K, committed 89280K, reserved 1179648K
  class space    used 9604K, committed 10432K, reserved 1048576K
}
Event: 46.907 GC heap after
{Heap after GC invocations=814 (full 4):
 PSYoungGen      total 4096K, used 512K [0x00000000d5580000, 0x00000000d6480000, 0x0000000100000000)
  eden space 3584K, 0% used [0x00000000d5580000,0x00000000d5580000,0x00000000d5900000)
  from space 512K, 100% used [0x00000000d5e00000,0x00000000d5e80000,0x00000000d5e80000)
  to   space 5120K, 0% used [0x00000000d5900000,0x00000000d5900000,0x00000000d5e00000)
 ParOldGen       total 643072K, used 642627K [0x0000000080000000, 0x00000000a7400000, 0x00000000d5580000)
  object space 643072K, 99% used [0x0000000080000000,0x00000000a7390cc8,0x00000000a7400000)
 Metaspace       used 87389K, committed 89280K, reserved 1179648K
  class space    used 9604K, committed 10432K, reserved 1048576K
}
Event: 46.913 GC heap before
{Heap before GC invocations=815 (full 4):
 PSYoungGen      total 4096K, used 4096K [0x00000000d5580000, 0x00000000d6480000, 0x0000000100000000)
  eden space 3584K, 100% used [0x00000000d5580000,0x00000000d5900000,0x00000000d5900000)
  from space 512K, 100% used [0x00000000d5e00000,0x00000000d5e80000,0x00000000d5e80000)
  to   space 5120K, 0% used [0x00000000d5900000,0x00000000d5900000,0x00000000d5e00000)
 ParOldGen       total 643072K, used 642627K [0x0000000080000000, 0x00000000a7400000, 0x00000000d5580000)
  object space 643072K, 99% used [0x0000000080000000,0x00000000a7390cc8,0x00000000a7400000)
 Metaspace       used 87392K, committed 89280K, reserved 1179648K
  class space    used 9604K, committed 10432K, reserved 1048576K
}
Event: 46.916 GC heap after
{Heap after GC invocations=815 (full 4):
 PSYoungGen      total 7680K, used 3712K [0x00000000d5580000, 0x00000000d6100000, 0x0000000100000000)
  eden space 3584K, 0% used [0x00000000d5580000,0x00000000d5580000,0x00000000d5900000)
  from space 4096K, 90% used [0x00000000d5900000,0x00000000d5ca0000,0x00000000d5d00000)
  to   space 4096K, 0% used [0x00000000d5d00000,0x00000000d5d00000,0x00000000d6100000)
 ParOldGen       total 643584K, used 643171K [0x0000000080000000, 0x00000000a7480000, 0x00000000d5580000)
  object space 643584K, 99% used [0x0000000080000000,0x00000000a7418cc8,0x00000000a7480000)
 Metaspace       used 87392K, committed 89280K, reserved 1179648K
  class space    used 9604K, committed 10432K, reserved 1048576K
}
Event: 46.939 GC heap before
{Heap before GC invocations=816 (full 4):
 PSYoungGen      total 7680K, used 7296K [0x00000000d5580000, 0x00000000d6100000, 0x0000000100000000)
  eden space 3584K, 100% used [0x00000000d5580000,0x00000000d5900000,0x00000000d5900000)
  from space 4096K, 90% used [0x00000000d5900000,0x00000000d5ca0000,0x00000000d5d00000)
  to   space 4096K, 0% used [0x00000000d5d00000,0x00000000d5d00000,0x00000000d6100000)
 ParOldGen       total 643584K, used 643171K [0x0000000080000000, 0x00000000a7480000, 0x00000000d5580000)
  object space 643584K, 99% used [0x0000000080000000,0x00000000a7418cc8,0x00000000a7480000)
 Metaspace       used 87456K, committed 89280K, reserved 1179648K
  class space    used 9613K, committed 10432K, reserved 1048576K
}
Event: 46.941 GC heap after
{Heap after GC invocations=816 (full 4):
 PSYoungGen      total 5632K, used 1766K [0x00000000d5580000, 0x00000000d5f00000, 0x0000000100000000)
  eden space 3584K, 0% used [0x00000000d5580000,0x00000000d5580000,0x00000000d5900000)
  from space 2048K, 86% used [0x00000000d5d00000,0x00000000d5eb9a58,0x00000000d5f00000)
  to   space 2560K, 0% used [0x00000000d5a00000,0x00000000d5a00000,0x00000000d5c80000)
 ParOldGen       total 647168K, used 646787K [0x0000000080000000, 0x00000000a7800000, 0x00000000d5580000)
  object space 647168K, 99% used [0x0000000080000000,0x00000000a77a0cc8,0x00000000a7800000)
 Metaspace       used 87456K, committed 89280K, reserved 1179648K
  class space    used 9613K, committed 10432K, reserved 1048576K
}
Event: 46.949 GC heap before
{Heap before GC invocations=817 (full 4):
 PSYoungGen      total 5632K, used 5350K [0x00000000d5580000, 0x00000000d5f00000, 0x0000000100000000)
  eden space 3584K, 100% used [0x00000000d5580000,0x00000000d5900000,0x00000000d5900000)
  from space 2048K, 86% used [0x00000000d5d00000,0x00000000d5eb9a58,0x00000000d5f00000)
  to   space 2560K, 0% used [0x00000000d5a00000,0x00000000d5a00000,0x00000000d5c80000)
 ParOldGen       total 647168K, used 646787K [0x0000000080000000, 0x00000000a7800000, 0x00000000d5580000)
  object space 647168K, 99% used [0x0000000080000000,0x00000000a77a0cc8,0x00000000a7800000)
 Metaspace       used 87456K, committed 89280K, reserved 1179648K
  class space    used 9613K, committed 10432K, reserved 1048576K
}
Event: 46.950 GC heap after
{Heap after GC invocations=817 (full 4):
 PSYoungGen      total 4608K, used 682K [0x00000000d5580000, 0x00000000d5d80000, 0x0000000100000000)
  eden space 3584K, 0% used [0x00000000d5580000,0x00000000d5580000,0x00000000d5900000)
  from space 1024K, 66% used [0x00000000d5a00000,0x00000000d5aaa930,0x00000000d5b00000)
  to   space 1536K, 0% used [0x00000000d5c00000,0x00000000d5c00000,0x00000000d5d80000)
 ParOldGen       total 648704K, used 648426K [0x0000000080000000, 0x00000000a7980000, 0x00000000d5580000)
  object space 648704K, 99% used [0x0000000080000000,0x00000000a793aaf8,0x00000000a7980000)
 Metaspace       used 87456K, committed 89280K, reserved 1179648K
  class space    used 9613K, committed 10432K, reserved 1048576K
}

